<?xml version="1.0" encoding="utf-8" standalone="no"?>
<!--This file represents the results of running a test suite-->
<test-results name="C:\Programs\wpf-diet-recorder\DietRecorder_Tests\bin\Debug\DietRecorder_Tests.dll" total="2" errors="0" failures="0" not-run="0" inconclusive="0" ignored="0" skipped="0" invalid="0" date="2010-04-30" time="21:38:26">
  <environment nunit-version="2.5.4.10098" clr-version="2.0.50727.4927" os-version="Microsoft Windows NT 6.1.7600.0" platform="Win32NT" cwd="C:\Program Files\NUnit 2.5.4\bin\net-2.0" machine-name="ITT04506" user="gcrofto" user-domain="NETWORKS" />
  <culture-info current-culture="en-GB" current-uiculture="en-US" />
  <test-suite type="Assembly" name="C:\Programs\wpf-diet-recorder\DietRecorder_Tests\bin\Debug\DietRecorder_Tests.dll" executed="True" result="Success" success="True" time="0.070" asserts="0">
    <results>
      <test-suite type="Namespace" name="DietRecorder_Tests" executed="True" result="Success" success="True" time="0.063" asserts="0">
        <results>
          <test-suite type="Namespace" name="Model" executed="True" result="Success" success="True" time="0.060" asserts="0">
            <results>
              <test-suite type="TestFixture" name="User_Tests" executed="True" result="Success" success="True" time="0.055" asserts="0">
                <results>
                  <test-case name="DietRecorder_Tests.Model.User_Tests.GetValidationFailures_NameHasOneCharacter_NoMessageReturned" executed="True" result="Success" success="True" time="0.032" asserts="1" />
                  <test-case name="DietRecorder_Tests.Model.User_Tests.GetValidationFailures_NameHasZeroCharacters_ReturnsCorrectMessage" executed="True" result="Success" success="True" time="0.013" asserts="2" />
                </results>
              </test-suite>
            </results>
          </test-suite>
        </results>
      </test-suite>
    </results>
  </test-suite>
</test-results>